<?xml version="1.0" encoding="UTF-8"?>
<!-- Generated by org.testng.reporters.JUnitReportReporter -->
<testsuite hostname="IN-5DJS8S3" failures="0" tests="1" name="basics.FirstClss" time="0.003" errors="0" timestamp="2024-02-17T18:22:22 IST" skipped="0">
  <testcase classname="basics.FirstClss" name="print" time="0.003"/>
  <system-out/>
</testsuite> <!-- basics.FirstClss -->
